2026.05.19 11:18:01 WARN  Using H2 2.4.240 which is newer than the version Flyway has been verified with. The latest verified version of H2 is 2.3.232.
2026.05.19 11:18:03 WARN  no build tool detected in workspace 'C:\Users\giann\Documents\GitHub\KompozeR'. The most common cause for this problem is that the editor was opened in the wrong working directory, for example if you use sbt then the workspace directory should contain build.sbt. 
2026.05.19 11:18:03 WARN  Build server is not auto-connectable.
2026.05.19 11:18:03 WARN  no build target for: C:\Users\giann\Documents\GitHub\KompozeR\smartparking\backend\auth-service\src\main\java\com\smartparking\authservice\application\AuthServiceApiImpl.java
2026.05.19 11:18:03 WARN  no build target for: C:\Users\giann\Documents\GitHub\KompozeR\smartparking\backend\parking-service\src\main\java\com.smartparking.parkingservice\application\ports\ParkingServiceAPI.java
2026.05.19 11:18:03 WARN  no build target for: C:\Users\giann\Documents\GitHub\KompozeR\smartparking\backend\parking-service\src\main\java\com.smartparking.parkingservice\infrastracture\persistence\ParkingRepositoryImpl.java
2026.05.19 11:18:03 WARN  no build target for: C:\Users\giann\Documents\GitHub\KompozeR\smartparking\backend\parking-service\src\main\java\com.smartparking.parkingservice\application\ParkingServiceApiImpl.java
2026.05.19 11:18:03 WARN  no build target for: C:\Users\giann\Documents\GitHub\KompozeR\smartparking\backend\parking-service\src\main\java\com.smartparking.parkingservice\application\ports\ParkingServiceRepository.java
2026.05.19 11:18:03 WARN  no build target for: C:\Users\giann\Documents\GitHub\KompozeR\smartparking\backend\parking-service\src\main\java\com.smartparking.parkingservice\infrastracture\adapters\TicketingClientPort.java
2026.05.19 11:18:03 WARN  no build target for: C:\Users\giann\Documents\GitHub\KompozeR\smartparking\backend\parking-service\src\main\java\com.smartparking.parkingservice\infrastracture\adapters\EmbeddedClientPort.java
2026.05.19 11:18:03 WARN  no build target for: C:\Users\giann\Documents\GitHub\KompozeR\smartparking\backend\parking-service\src\main\java\com.smartparking.parkingservice\infrastracture\adapters\EmbeddedServiceAdapter.java
2026.05.19 11:18:03 WARN  no build target for: C:\Users\giann\Documents\GitHub\KompozeR\smartparking\backend\parking-service\src\main\java\com.smartparking.parkingservice\model\Parking.java
2026.05.19 11:18:03 WARN  no build target for: C:\Users\giann\Documents\GitHub\KompozeR\smartparking\backend\parking-service\src\main\java\com.smartparking.parkingservice\model\Car.java
2026.05.19 11:18:03 WARN  no build target for: C:\Users\giann\Documents\GitHub\KompozeR\smartparking\backend\auth-service\src\main\java\com\smartparking\authservice\application\ports\AuthServiceAPI.java
2026.05.19 11:18:03 WARN  no build target for: C:\Users\giann\Documents\GitHub\KompozeR\smartparking\backend\parking-service\src\main\java\com.smartparking.parkingservice\application\ports\ParkingRestController.java
C:\Users\giann\Documents\GitHub\KompozeR\smartparking\backend\parking-service\src\main\java\com.smartparking.parkingservice\application\ParkingServiceApiImpl.java:54: error: unmappable character (0x8F) for encoding windows-1252
                        logger.warn("âš ï¸? [Service] Car with plate {} already exists", plate);
                                          ^
C:\Users\giann\Documents\GitHub\KompozeR\smartparking\backend\parking-service\src\main\java\com.smartparking.parkingservice\application\ParkingServiceApiImpl.java:76: error: unmappable character (0x9D) for encoding windows-1252
                    logger.error("â?Œ Error adding car {}: {}", plate, ex.getMessage());
                                   ^
C:\Users\giann\Documents\GitHub\KompozeR\smartparking\backend\parking-service\src\main\java\com.smartparking.parkingservice\application\ParkingServiceApiImpl.java:88: error: unmappable character (0x8F) for encoding windows-1252
                        logger.warn("âš ï¸? [Service] Car with plate {} not found in DB", plate);
                                          ^
C:\Users\giann\Documents\GitHub\KompozeR\smartparking\backend\parking-service\src\main\java\com.smartparking.parkingservice\application\ParkingServiceApiImpl.java:100: error: unmappable character (0x9D) for encoding windows-1252
                                    logger.warn("â?Œ Ticket for plate {} is not paid Status = {}", plate, status);
                                                  ^
C:\Users\giann\Documents\GitHub\KompozeR\smartparking\backend\parking-service\src\main\java\com.smartparking.parkingservice\application\ParkingServiceApiImpl.java:122: error: unmappable character (0x9D) for encoding windows-1252
                    logger.error("â?Œ Error removing car {}: {}", plate, ex.getMessage());
                                   ^
C:\Users\giann\Documents\GitHub\KompozeR\smartparking\backend\parking-service\src\main\java\com.smartparking.parkingservice\application\ParkingServiceApiImpl.java:132: error: unmappable character (0x8F) for encoding windows-1252
                        logger.warn("âš ï¸? Car with id {} not found", id);
                                          ^
C:\Users\giann\Documents\GitHub\KompozeR\smartparking\backend\parking-service\src\main\java\com.smartparking.parkingservice\application\ParkingServiceApiImpl.java:138: error: unmappable character (0x9D) for encoding windows-1252
                    logger.error("â?Œ Error retrieving car {}: {}", id, ex.getMessage());
                                   ^
C:\Users\giann\Documents\GitHub\KompozeR\smartparking\backend\parking-service\src\main\java\com.smartparking.parkingservice\application\ParkingServiceApiImpl.java:193: error: unmappable character (0x9D) for encoding windows-1252
                        logger.error("â?Œ Error parsing embedded status: {}", e.getMessage());
                                       ^
C:\Users\giann\Documents\GitHub\KompozeR\smartparking\backend\parking-service\src\main\java\com.smartparking.parkingservice\application\ParkingServiceApiImpl.java:198: error: unmappable character (0x9D) for encoding windows-1252
                    logger.error("â?Œ Error getting embedded status: {}", ex.getMessage());
                                   ^
2026.05.19 11:18:17 WARN  no build target for: C:\Users\giann\Documents\GitHub\KompozeR\smartparking\backend\payment-service\src\main\java\com\smartparking\paymentservice\application\ports\TicketingServicePort.java
2026.05.19 11:18:17 WARN  no build target for: C:\Users\giann\Documents\GitHub\KompozeR\smartparking\backend\analytics-service\src\main\java\com\smartparking\analyticsservice\application\ports\TicketingServicePort.java
2026.05.19 11:18:17 WARN  no build target for: C:\Users\giann\Documents\GitHub\KompozeR\smartparking\backend\ticketing-service\src\main\java\com\smartparking\ticketingservice\application\ports\TicketingServiceAPI.java
C:\Users\giann\Documents\GitHub\KompozeR\smartparking\backend\parking-service\src\main\java\com.smartparking.parkingservice\infrastracture\persistence\ParkingRepositoryImpl.java:41: error: unmappable character (0x9D) for encoding windows-1252
                logger.error("â?Œ Error inserting car into MongoDB: {}", e.getMessage());
                               ^
C:\Users\giann\Documents\GitHub\KompozeR\smartparking\backend\parking-service\src\main\java\com.smartparking.parkingservice\infrastracture\persistence\ParkingRepositoryImpl.java:52: error: unmappable character (0x8F) for encoding windows-1252
                logger.info("ðŸ—‘ï¸? Car/Cars with plate {} removed from MongoDB", plate);
                                   ^
C:\Users\giann\Documents\GitHub\KompozeR\smartparking\backend\parking-service\src\main\java\com.smartparking.parkingservice\infrastracture\persistence\ParkingRepositoryImpl.java:54: error: unmappable character (0x9D) for encoding windows-1252
                logger.error("â?Œ Error deleting car with plate {}: {}", plate, e.getMessage());
                               ^
C:\Users\giann\Documents\GitHub\KompozeR\smartparking\backend\parking-service\src\main\java\com.smartparking.parkingservice\infrastracture\persistence\ParkingRepositoryImpl.java:66: error: unmappable character (0x8F) for encoding windows-1252
                    logger.warn("âš ï¸? No car found in DB with id {}", id);
                                      ^
C:\Users\giann\Documents\GitHub\KompozeR\smartparking\backend\parking-service\src\main\java\com.smartparking.parkingservice\infrastracture\persistence\ParkingRepositoryImpl.java:73: error: unmappable character (0x9D) for encoding windows-1252
                logger.error("â?Œ Error retrieving car {}: {}", id, e.getMessage());
                               ^
C:\Users\giann\Documents\GitHub\KompozeR\smartparking\backend\parking-service\src\main\java\com.smartparking.parkingservice\infrastracture\persistence\ParkingRepositoryImpl.java:93: error: unmappable character (0x8F) for encoding windows-1252
                    logger.warn("âš ï¸? No car with plate {} found to set EXITED.", plate);
                                      ^
C:\Users\giann\Documents\GitHub\KompozeR\smartparking\backend\parking-service\src\main\java\com.smartparking.parkingservice\infrastracture\persistence\ParkingRepositoryImpl.java:101: error: unmappable character (0x81) for encoding windows-1252
                logger.info("ðŸ“? Car {} moved to HISTORY (parkingservicedbcollectionhistory)", plate);
                                ^
C:\Users\giann\Documents\GitHub\KompozeR\smartparking\backend\parking-service\src\main\java\com.smartparking.parkingservice\infrastracture\persistence\ParkingRepositoryImpl.java:104: error: unmappable character (0x8F) for encoding windows-1252
                logger.info("ðŸ—‘ï¸? Car {} removed from main collection after EXITED", plate);
                                   ^
C:\Users\giann\Documents\GitHub\KompozeR\smartparking\backend\parking-service\src\main\java\com.smartparking.parkingservice\infrastracture\persistence\ParkingRepositoryImpl.java:107: error: unmappable character (0x9D) for encoding windows-1252
                logger.error("â?Œ Error moving car {} to history: {}", plate, e.getMessage());
                               ^
C:\Users\giann\Documents\GitHub\KompozeR\smartparking\backend\parking-service\src\main\java\com.smartparking.parkingservice\infrastracture\persistence\ParkingRepositoryImpl.java:129: error: unmappable character (0x9D) for encoding windows-1252
                logger.error("â?Œ Error retrieving parking history: {}", e.getMessage());
                               ^
C:\Users\giann\Documents\GitHub\KompozeR\smartparking\backend\parking-service\src\main\java\com.smartparking.parkingservice\infrastracture\adapters\EmbeddedServiceAdapter.java:37: error: unmappable character (0x9D) for encoding windows-1252
                        logger.error("â?Œ {}", error);
                                       ^
C:\Users\giann\Documents\GitHub\KompozeR\smartparking\backend\parking-service\src\main\java\com.smartparking.parkingservice\infrastracture\adapters\EmbeddedServiceAdapter.java:42: error: unmappable character (0x9D) for encoding windows-1252
                    logger.error("â?Œ Failed to call embedded service: {}", err.getMessage());
                                   ^
C:\Users\giann\Documents\GitHub\KompozeR\smartparking\backend\parking-service\src\main\java\com.smartparking.parkingservice\infrastracture\adapters\EmbeddedServiceAdapter.java:62: error: unmappable character (0x9D) for encoding windows-1252
                        logger.error("â?Œ {}", error);
                                       ^
C:\Users\giann\Documents\GitHub\KompozeR\smartparking\backend\parking-service\src\main\java\com.smartparking.parkingservice\infrastracture\adapters\EmbeddedServiceAdapter.java:67: error: unmappable character (0x9D) for encoding windows-1252
                    logger.error("â?Œ Error opening the entry barrier: {}", err.getMessage());
                                   ^
C:\Users\giann\Documents\GitHub\KompozeR\smartparking\backend\parking-service\src\main\java\com.smartparking.parkingservice\infrastracture\adapters\EmbeddedServiceAdapter.java:86: error: unmappable character (0x9D) for encoding windows-1252
                        logger.error("â?Œ {}", error);
                                       ^
C:\Users\giann\Documents\GitHub\KompozeR\smartparking\backend\parking-service\src\main\java\com.smartparking.parkingservice\infrastracture\adapters\EmbeddedServiceAdapter.java:91: error: unmappable character (0x9D) for encoding windows-1252
                    logger.error("â?Œ Error opening the exit barrier: {}", err.getMessage());
                                   ^
2026.05.19 11:18:30 WARN  no build target for: C:\Users\giann\Documents\GitHub\KompozeR\smartparking\backend\payment-service\src\main\java\com\smartparking\paymentservice\infrastracture\adapters\TicketingServiceAdapter.java
C:\Users\giann\Documents\GitHub\KompozeR\smartparking\backend\payment-service\src\main\java\com\smartparking\paymentservice\infrastracture\adapters\TicketingServiceAdapter.java:32: error: unmappable character (0x9D) for encoding windows-1252
                .doOnError(err -> logger.error("â?Œ Error calling TicketingService", err))
                                                 ^
C:\Users\giann\Documents\GitHub\KompozeR\smartparking\backend\payment-service\src\main\java\com\smartparking\paymentservice\infrastracture\adapters\TicketingServiceAdapter.java:47: error: unmappable character (0x9D) for encoding windows-1252
                .doOnError(err -> logger.error("â?Œ Error calling TicketingService HISTORY", err))
                                                 ^
2026.05.19 11:18:34 WARN  no build target for: C:\Users\giann\Documents\GitHub\KompozeR\smartparking\backend\ticketing-service\src\main\java\com\smartparking\ticketingservice\application\TicketingServiceApiImpl.java
C:\Users\giann\Documents\GitHub\KompozeR\smartparking\backend\ticketing-service\src\main\java\com\smartparking\ticketingservice\application\TicketingServiceApiImpl.java:161: error: unmappable character (0x8F) for encoding windows-1252
                        logger.warn("âš ï¸? No ticket found for plate {}", plate);
                                          ^
C:\Users\giann\Documents\GitHub\KompozeR\smartparking\backend\ticketing-service\src\main\java\com\smartparking\ticketingservice\application\TicketingServiceApiImpl.java:187: error: unmappable character (0x9D) for encoding windows-1252
                    logger.error("â?Œ Error updating ticket for plate {}: {}", plate, ex.getMessage());
                                   ^
2026.05.19 11:18:38 WARN  no build target for: C:\Users\giann\Documents\GitHub\KompozeR\smartparking\backend\analytics-service\src\main\java\com\smartparking\analyticsservice\application\AnalyticsServiceAPIImpl.java
2026.05.19 11:18:54 WARN  no build target for: C:\Users\giann\Documents\GitHub\KompozeR\smartparking\backend\embedded-service\src\main\java\com\smartparking\embeddedservice\infrastracture\eventbus\CoilDetectionVerticle.java
C:\Users\giann\Documents\GitHub\KompozeR\smartparking\backend\embedded-service\src\main\java\com\smartparking\embeddedservice\infrastracture\eventbus\CoilDetectionVerticle.java:25: error: unmappable character (0x9D) for encoding windows-1252
                System.err.println("â?Œ Failed to save coil event: " + ex.getMessage());
                                     ^
2026.05.19 11:18:57 WARN  no build target for: C:\Users\giann\Documents\GitHub\KompozeR\smartparking\backend\embedded-service\src\main\java\com\smartparking\embeddedservice\infrastracture\adapters\mqtt\VertxMqttClientAdapter.java
2026.05.19 11:18:57 WARN  no build target for: C:\Users\giann\Documents\GitHub\KompozeR\smartparking\backend\embedded-service\src\main\java\com\smartparking\embeddedservice\application\ports\EmbeddedServiceAPI.java
C:\Users\giann\Documents\GitHub\KompozeR\smartparking\backend\embedded-service\src\main\java\com\smartparking\embeddedservice\infrastracture\adapters\mqtt\VertxMqttClientAdapter.java:38: error: unmappable character (0x9D) for encoding windows-1252
                System.err.println("â?Œ MQTT connection failed: " + c.cause().getMessage());
                                     ^
C:\Users\giann\Documents\GitHub\KompozeR\smartparking\backend\embedded-service\src\main\java\com\smartparking\embeddedservice\infrastracture\adapters\mqtt\VertxMqttClientAdapter.java:89: error: unmappable character (0x9D) for encoding windows-1252
                                System.err.println("â?Œ Error parsing StatusMessage: " + e.getMessage());
                                                     ^
C:\Users\giann\Documents\GitHub\KompozeR\smartparking\backend\embedded-service\src\main\java\com\smartparking\embeddedservice\infrastracture\adapters\mqtt\VertxMqttClientAdapter.java:92: error: unmappable character (0x8F) for encoding windows-1252
                            System.out.println("âš ï¸? Unknown topic received: " + topic);
                                                     ^
C:\Users\giann\Documents\GitHub\KompozeR\smartparking\backend\embedded-service\src\main\java\com\smartparking\embeddedservice\infrastracture\adapters\mqtt\VertxMqttClientAdapter.java:97: error: unmappable character (0x9D) for encoding windows-1252
                System.err.println("â?Œ Error parsing MQTT message: " + e.getMessage());
                                     ^
C:\Users\giann\Documents\GitHub\KompozeR\smartparking\backend\embedded-service\src\main\java\com\smartparking\embeddedservice\infrastracture\adapters\mqtt\VertxMqttClientAdapter.java:113: error: unmappable character (0x8F) for encoding windows-1252
            System.err.println("âš ï¸? MQTT client not connected, cannot publish!");
                                     ^
2026.05.19 11:19:12 WARN  no build target for: C:\Users\giann\Documents\GitHub\KompozeR\smartparking\backend\embedded-service\src\main\java\com\smartparking\embeddedservice\application\MqttManager.java
2026.05.19 11:19:15 WARN  no build target for: C:\Users\giann\Documents\GitHub\KompozeR\smartparking\backend\embedded-service\src\main\java\com\smartparking\embeddedservice\infrastracture\config\MqttConfig.java
2026.05.19 11:19:22 WARN  no build target for: C:\Users\giann\Documents\GitHub\KompozeR\smartparking\backend\parking-service\src\main\java\com.smartparking.parkingservice\infrastracture\adapters\TicketingServiceAdapter.java
C:\Users\giann\Documents\GitHub\KompozeR\smartparking\backend\parking-service\src\main\java\com.smartparking.parkingservice\infrastracture\adapters\TicketingServiceAdapter.java:35: error: unmappable character (0x8F) for encoding windows-1252
                        logger.info("ðŸŽŸï¸? Ticket created successfully: {}", response.encodePrettily());
                                           ^
C:\Users\giann\Documents\GitHub\KompozeR\smartparking\backend\parking-service\src\main\java\com.smartparking.parkingservice\infrastracture\adapters\TicketingServiceAdapter.java:38: error: unmappable character (0x9D) for encoding windows-1252
                        logger.error("â?Œ Failed to contact Ticketing-Service: {}", ar.cause().getMessage());
                                       ^
C:\Users\giann\Documents\GitHub\KompozeR\smartparking\backend\parking-service\src\main\java\com.smartparking.parkingservice\infrastracture\adapters\TicketingServiceAdapter.java:60: error: unmappable character (0x8F) for encoding windows-1252
                        logger.info("ðŸŽŸï¸? Ticket retrievied successfully: {}", response.encodePrettily());
                                           ^
C:\Users\giann\Documents\GitHub\KompozeR\smartparking\backend\parking-service\src\main\java\com.smartparking.parkingservice\infrastracture\adapters\TicketingServiceAdapter.java:64: error: unmappable character (0x9D) for encoding windows-1252
                        logger.error("â?Œ Failed to contact Ticketing-Service: {}", ar.cause().getMessage());
                                       ^
2026.05.19 11:19:28 WARN  no build target for: C:\Users\giann\Documents\GitHub\KompozeR\smartparking\backend\parking-service\src\main\java\com.smartparking.parkingservice\ddd\Aggregate.java
2026.05.19 11:19:28 WARN  no build target for: C:\Users\giann\Documents\GitHub\KompozeR\smartparking\backend\auth-service\src\main\java\com\smartparking\authservice\infrastructure\persistence\AuthRepositoryImpl.java
C:\Users\giann\Documents\GitHub\KompozeR\smartparking\backend\auth-service\src\main\java\com\smartparking\authservice\infrastructure\persistence\AuthRepositoryImpl.java:52: error: unmappable character (0x9D) for encoding windows-1252
            logger.error("â?Œ Failed to create indexes: {}", e.getMessage());
                           ^
C:\Users\giann\Documents\GitHub\KompozeR\smartparking\backend\auth-service\src\main\java\com\smartparking\authservice\infrastructure\persistence\AuthRepositoryImpl.java:157: error: unmappable character (0x9D) for encoding windows-1252
            logger.error("â?Œ Failed to initialize users: {}", e.getMessage());
                           ^
2026.05.19 11:19:44 INFO  no build target found for C:\Users\giann\Documents\GitHub\KompozeR\smartparking\backend\parking-service\src\main\java\com.smartparking.parkingservice\application\ports\ParkingRestController.java. Using fallback presentation compiler.
2026.05.19 11:19:44 INFO  no build target found for C:\Users\giann\Documents\GitHub\KompozeR\smartparking\backend\parking-service\src\main\java\com.smartparking.parkingservice\application\ports\ParkingServiceAPI.java. Using fallback presentation compiler.
2026.05.19 11:19:44 INFO  no build target found for C:\Users\giann\Documents\GitHub\KompozeR\smartparking\backend\parking-service\src\main\java\com.smartparking.parkingservice\infrastracture\adapters\EmbeddedClientPort.java. Using fallback presentation compiler.
2026.05.19 11:20:13 INFO  no build target found for C:\Users\giann\Documents\GitHub\KompozeR\smartparking\backend\parking-service\src\main\java\com.smartparking.parkingservice\infrastracture\adapters\EmbeddedServiceAdapter.java. Using fallback presentation compiler.
2026.05.19 11:20:13 INFO  no build target found for C:\Users\giann\Documents\GitHub\KompozeR\smartparking\backend\parking-service\src\main\java\com.smartparking.parkingservice\infrastracture\adapters\TicketingClientPort.java. Using fallback presentation compiler.
2026.05.19 11:20:13 INFO  no build target found for C:\Users\giann\Documents\GitHub\KompozeR\smartparking\backend\parking-service\src\main\java\com.smartparking.parkingservice\application\ParkingServiceApiImpl.java. Using fallback presentation compiler.
2026.05.19 11:20:21 INFO  no build target found for C:\Users\giann\Documents\GitHub\KompozeR\smartparking\backend\parking-service\src\main\java\com.smartparking.parkingservice\application\ports\ParkingServiceRepository.java. Using fallback presentation compiler.
2026.05.19 11:20:21 INFO  no build target found for C:\Users\giann\Documents\GitHub\KompozeR\smartparking\backend\parking-service\src\main\java\com.smartparking.parkingservice\model\Parking.java. Using fallback presentation compiler.
2026.05.19 11:20:21 INFO  no build target found for C:\Users\giann\Documents\GitHub\KompozeR\smartparking\backend\parking-service\src\main\java\com.smartparking.parkingservice\model\Car.java. Using fallback presentation compiler.
2026.05.19 11:20:29 INFO  no build target found for C:\Users\giann\Documents\GitHub\KompozeR\smartparking\backend\parking-service\src\main\java\com.smartparking.parkingservice\infrastracture\persistence\ParkingRepositoryImpl.java. Using fallback presentation compiler.
2026.05.19 11:20:44 INFO  no build target found for C:\Users\giann\Documents\GitHub\KompozeR\smartparking\backend\auth-service\src\main\java\com\smartparking\authservice\application\AuthServiceApiImpl.java. Using fallback presentation compiler.
2026.05.19 11:20:44 INFO  no build target found for C:\Users\giann\Documents\GitHub\KompozeR\smartparking\backend\auth-service\src\main\java\com\smartparking\authservice\application\ports\AuthServiceAPI.java. Using fallback presentation compiler.
2026.05.19 11:21:17 INFO  no build target found for C:\Users\giann\Documents\GitHub\KompozeR\smartparking\backend\payment-service\src\main\java\com\smartparking\paymentservice\application\ports\TicketingServicePort.java. Using fallback presentation compiler.
2026.05.19 11:21:17 INFO  no build target found for C:\Users\giann\Documents\GitHub\KompozeR\smartparking\backend\analytics-service\src\main\java\com\smartparking\analyticsservice\application\ports\TicketingServicePort.java. Using fallback presentation compiler.
2026.05.19 11:21:17 INFO  no build target found for C:\Users\giann\Documents\GitHub\KompozeR\smartparking\backend\ticketing-service\src\main\java\com\smartparking\ticketingservice\application\ports\TicketingServiceAPI.java. Using fallback presentation compiler.
2026.05.19 11:21:30 INFO  no build target found for C:\Users\giann\Documents\GitHub\KompozeR\smartparking\backend\payment-service\src\main\java\com\smartparking\paymentservice\infrastracture\adapters\TicketingServiceAdapter.java. Using fallback presentation compiler.
2026.05.19 11:21:34 INFO  no build target found for C:\Users\giann\Documents\GitHub\KompozeR\smartparking\backend\ticketing-service\src\main\java\com\smartparking\ticketingservice\application\TicketingServiceApiImpl.java. Using fallback presentation compiler.
2026.05.19 11:21:38 INFO  no build target found for C:\Users\giann\Documents\GitHub\KompozeR\smartparking\backend\analytics-service\src\main\java\com\smartparking\analyticsservice\application\AnalyticsServiceAPIImpl.java. Using fallback presentation compiler.
2026.05.19 11:21:54 INFO  no build target found for C:\Users\giann\Documents\GitHub\KompozeR\smartparking\backend\embedded-service\src\main\java\com\smartparking\embeddedservice\infrastracture\eventbus\CoilDetectionVerticle.java. Using fallback presentation compiler.
2026.05.19 11:21:57 INFO  no build target found for C:\Users\giann\Documents\GitHub\KompozeR\smartparking\backend\embedded-service\src\main\java\com\smartparking\embeddedservice\infrastracture\adapters\mqtt\VertxMqttClientAdapter.java. Using fallback presentation compiler.
2026.05.19 11:21:57 INFO  no build target found for C:\Users\giann\Documents\GitHub\KompozeR\smartparking\backend\embedded-service\src\main\java\com\smartparking\embeddedservice\application\ports\EmbeddedServiceAPI.java. Using fallback presentation compiler.
2026.05.19 11:22:12 INFO  no build target found for C:\Users\giann\Documents\GitHub\KompozeR\smartparking\backend\embedded-service\src\main\java\com\smartparking\embeddedservice\application\MqttManager.java. Using fallback presentation compiler.
2026.05.19 11:22:15 INFO  no build target found for C:\Users\giann\Documents\GitHub\KompozeR\smartparking\backend\embedded-service\src\main\java\com\smartparking\embeddedservice\infrastracture\config\MqttConfig.java. Using fallback presentation compiler.
2026.05.19 11:22:22 INFO  no build target found for C:\Users\giann\Documents\GitHub\KompozeR\smartparking\backend\parking-service\src\main\java\com.smartparking.parkingservice\infrastracture\adapters\TicketingServiceAdapter.java. Using fallback presentation compiler.
2026.05.19 11:22:28 INFO  no build target found for C:\Users\giann\Documents\GitHub\KompozeR\smartparking\backend\parking-service\src\main\java\com.smartparking.parkingservice\ddd\Aggregate.java. Using fallback presentation compiler.
2026.05.19 11:22:28 INFO  no build target found for C:\Users\giann\Documents\GitHub\KompozeR\smartparking\backend\auth-service\src\main\java\com\smartparking\authservice\infrastructure\persistence\AuthRepositoryImpl.java. Using fallback presentation compiler.
2026.05.19 11:32:39 WARN  no build target for: C:\Users\giann\Documents\GitHub\KompozeR\smartparking\backend\auth-service\src\main\java\com\smartparking\authservice\application\ports\AuthServiceAPI.java
2026.05.19 11:32:44 WARN  no build target for: C:\Users\giann\Documents\GitHub\KompozeR\smartparking\backend\parking-service\src\main\java\com.smartparking.parkingservice\application\ports\ParkingServiceAPI.java
2026.05.19 11:32:44 WARN  no build target for: C:\Users\giann\Documents\GitHub\KompozeR\smartparking\backend\parking-service\src\main\java\com.smartparking.parkingservice\application\ports\ParkingRestController.java
2026.05.19 11:32:50 WARN  no build target for: C:\Users\giann\Documents\GitHub\KompozeR\smartparking\backend\parking-service\src\main\java\com.smartparking.parkingservice\ddd\Entity.java
2026.05.19 11:32:50 WARN  no build target for: C:\Users\giann\Documents\GitHub\KompozeR\smartparking\backend\auth-service\src\main\java\com\smartparking\authservice\application\ports\AuthRepository.java
2026.05.19 11:35:39 INFO  no build target found for C:\Users\giann\Documents\GitHub\KompozeR\smartparking\backend\auth-service\src\main\java\com\smartparking\authservice\application\ports\AuthServiceAPI.java. Using fallback presentation compiler.
2026.05.19 11:35:44 INFO  no build target found for C:\Users\giann\Documents\GitHub\KompozeR\smartparking\backend\parking-service\src\main\java\com.smartparking.parkingservice\application\ports\ParkingServiceAPI.java. Using fallback presentation compiler.
2026.05.19 11:35:44 INFO  no build target found for C:\Users\giann\Documents\GitHub\KompozeR\smartparking\backend\parking-service\src\main\java\com.smartparking.parkingservice\application\ports\ParkingRestController.java. Using fallback presentation compiler.
2026.05.19 11:35:50 INFO  no build target found for C:\Users\giann\Documents\GitHub\KompozeR\smartparking\backend\parking-service\src\main\java\com.smartparking.parkingservice\ddd\Entity.java. Using fallback presentation compiler.
2026.05.19 11:35:50 INFO  no build target found for C:\Users\giann\Documents\GitHub\KompozeR\smartparking\backend\auth-service\src\main\java\com\smartparking\authservice\application\ports\AuthRepository.java. Using fallback presentation compiler.
mag 19, 2026 12:38:12 PM org.eclipse.lsp4j.jsonrpc.services.GenericEndpoint notify
INFORMAZIONI: Unsupported notification method: $/setTrace
