This is pdfTeX, Version 3.141592653-2.6-1.40.29 (MiKTeX 26.2) (preloaded format=pdflatex 2026.3.2)  24 MAY 2026 23:17
entering extended mode
 restricted \write18 enabled.
 file:line:error style messages enabled.
 %&-line parsing enabled.
**c:/Users/giann/Documents/GitHub/KompozeR/ReportASW/main.tex
(c:/Users/giann/Documents/GitHub/KompozeR/ReportASW/main.tex
LaTeX2e <2025-11-01>
L3 programming layer <2026-01-19>
(C:\Users\giann\AppData\Local\Programs\MiKTeX\tex/latex/base\report.cls
Document Class: report 2025/01/22 v1.4n Standard LaTeX document class
(C:\Users\giann\AppData\Local\Programs\MiKTeX\tex/latex/base\size10.clo
File: size10.clo 2025/01/22 v1.4n Standard LaTeX file (size option)
)
\c@part=\count275
\c@chapter=\count276
\c@section=\count277
\c@subsection=\count278
\c@subsubsection=\count279
\c@paragraph=\count280
\c@subparagraph=\count281
\c@figure=\count282
\c@table=\count283
\abovecaptionskip=\skip49
\belowcaptionskip=\skip50
\bibindent=\dimen148
) (C:\Users\giann\AppData\Local\Programs\MiKTeX\tex/latex/base\inputenc.sty
Package: inputenc 2024/02/08 v1.3d Input encoding file
\inpenc@prehook=\toks17
\inpenc@posthook=\toks18
) (C:\Users\giann\AppData\Local\Programs\MiKTeX\tex/latex/natbib\natbib.sty
Package: natbib 2010/09/13 8.31b (PWD, AO)
\bibhang=\skip51
\bibsep=\skip52
LaTeX Info: Redefining \cite on input line 694.
\c@NAT@ctr=\count284
) (C:\Users\giann\AppData\Local\Programs\MiKTeX\tex/latex/graphics\graphicx.sty
Package: graphicx 2024/12/31 v1.2e Enhanced LaTeX Graphics (DPC,SPQR)
 (C:\Users\giann\AppData\Local\Programs\MiKTeX\tex/latex/graphics\keyval.sty
Package: keyval 2022/05/29 v1.15 key=value parser (DPC)
\KV@toks@=\toks19
) (C:\Users\giann\AppData\Local\Programs\MiKTeX\tex/latex/graphics\graphics.sty
Package: graphics 2024/08/06 v1.4g Standard LaTeX Graphics (DPC,SPQR)
 (C:\Users\giann\AppData\Local\Programs\MiKTeX\tex/latex/graphics\trig.sty
Package: trig 2023/12/02 v1.11 sin cos tan (DPC)
) (C:\Users\giann\AppData\Local\Programs\MiKTeX\tex/latex/graphics-cfg\graphics.cfg
File: graphics.cfg 2016/06/04 v1.11 sample graphics configuration
)
Package graphics Info: Driver file: pdftex.def on input line 106.
 (C:\Users\giann\AppData\Local\Programs\MiKTeX\tex/latex/graphics-def\pdftex.def
File: pdftex.def 2025/09/29 v1.2d Graphics/color driver for pdftex
))
\Gin@req@height=\dimen149
\Gin@req@width=\dimen150
) (C:\Users\giann\AppData\Local\Programs\MiKTeX\tex/latex/l3backend\l3backend-pdftex.def
File: l3backend-pdftex.def 2025-10-09 L3 backend support: PDF output (pdfTeX)
\l__color_backend_stack_int=\count285
) (main.aux)
\openout1 = `main.aux'.

LaTeX Font Info:    Checking defaults for OML/cmm/m/it on input line 16.
LaTeX Font Info:    ... okay on input line 16.
LaTeX Font Info:    Checking defaults for OMS/cmsy/m/n on input line 16.
LaTeX Font Info:    ... okay on input line 16.
LaTeX Font Info:    Checking defaults for OT1/cmr/m/n on input line 16.
LaTeX Font Info:    ... okay on input line 16.
LaTeX Font Info:    Checking defaults for T1/cmr/m/n on input line 16.
LaTeX Font Info:    ... okay on input line 16.
LaTeX Font Info:    Checking defaults for TS1/cmr/m/n on input line 16.
LaTeX Font Info:    ... okay on input line 16.
LaTeX Font Info:    Checking defaults for OMX/cmex/m/n on input line 16.
LaTeX Font Info:    ... okay on input line 16.
LaTeX Font Info:    Checking defaults for U/cmr/m/n on input line 16.
LaTeX Font Info:    ... okay on input line 16.
 (C:\Users\giann\AppData\Local\Programs\MiKTeX\tex/context/base/mkii\supp-pdf.mkii
[Loading MPS to PDF converter (version 2006.09.02).]
\scratchcounter=\count286
\scratchdimen=\dimen151
\scratchbox=\box53
\nofMPsegments=\count287
\nofMParguments=\count288
\everyMPshowfont=\toks20
\MPscratchCnt=\count289
\MPscratchDim=\dimen152
\MPnumerator=\count290
\makeMPintoPDFobject=\count291
\everyMPtoPDFconversion=\toks21
) (C:\Users\giann\AppData\Local\Programs\MiKTeX\tex/latex/epstopdf-pkg\epstopdf-base.sty
Package: epstopdf-base 2020-01-24 v2.11 Base part for package epstopdf
Package epstopdf-base Info: Redefining graphics rule for `.eps' on input line 485.
 (C:\Users\giann\AppData\Local\Programs\MiKTeX\tex/latex/00miktex\epstopdf-sys.cfg
File: epstopdf-sys.cfg 2021/03/18 v2.0 Configuration of epstopdf for MiKTeX
))
LaTeX Font Info:    External font `cmex10' loaded for size
(Font)              <12> on input line 18.
LaTeX Font Info:    External font `cmex10' loaded for size
(Font)              <8> on input line 18.
LaTeX Font Info:    External font `cmex10' loaded for size
(Font)              <6> on input line 18.
LaTeX Font Info:    Trying to load font information for OMS+cmr on input line 18.
 (C:\Users\giann\AppData\Local\Programs\MiKTeX\tex/latex/base\omscmr.fd
File: omscmr.fd 2024/11/19 v2.5n Standard LaTeX font definitions
)
LaTeX Font Info:    Font shape `OMS/cmr/m/n' in size <12> not available
(Font)              Font shape `OMS/cmsy/m/n' tried instead on input line 18.
 [1

{C:/Users/giann/AppData/Local/MiKTeX/fonts/map/pdftex/pdftex.map}] (sections/introduzione.tex) (sections/requisiti.tex [1]
LaTeX Font Info:    External font `cmex10' loaded for size
(Font)              <5> on input line 14.

Underfull \hbox (badness 10000) in paragraph at lines 16--16
[]\OT1/cmr/bx/n/8 Obiettivi prin-ci-
 []


Underfull \hbox (badness 10000) in paragraph at lines 18--18
[]\OT1/cmr/m/n/8 Utente che
 []


Underfull \hbox (badness 10000) in paragraph at lines 18--18
\OT1/cmr/m/n/8 desidera pro-
 []


Underfull \hbox (badness 10000) in paragraph at lines 18--18
\OT1/cmr/m/n/8 gettare e ac-
 []


Underfull \hbox (badness 10000) in paragraph at lines 18--18
\OT1/cmr/m/n/8 quistare una
 []


Underfull \hbox (badness 10000) in paragraph at lines 18--18
\OT1/cmr/m/n/8 scaf-falatura per-
 []


Underfull \hbox (badness 2376) in paragraph at lines 18--18
[]\OT1/cmr/m/n/8 Configurare rap-i-da-
 []


Underfull \hbox (badness 6927) in paragraph at lines 18--18
\OT1/cmr/m/n/8 mente il prodotto
 []


Underfull \hbox (badness 10000) in paragraph at lines 18--18
\OT1/cmr/m/n/8 cor-retto, capire
 []


Underfull \hbox (badness 6125) in paragraph at lines 18--18
\OT1/cmr/m/n/8 prezzo e com-pat-i-
 []


Underfull \hbox (badness 10000) in paragraph at lines 18--18
\OT1/cmr/m/n/8 bilita', com-pletare
 []


Underfull \hbox (badness 10000) in paragraph at lines 18--18
\OT1/cmr/m/n/8 l'acquisto senza
 []


Underfull \hbox (badness 10000) in paragraph at lines 18--19
[]\OT1/cmr/m/n/8 Configuratore
 []


Underfull \hbox (badness 3780) in paragraph at lines 18--19
\OT1/cmr/m/n/8 chiaro, an-teprima
 []


Underfull \hbox (badness 10000) in paragraph at lines 20--20
[]\OT1/cmr/m/n/8 Cliente reg-is-
 []


Underfull \hbox (badness 10000) in paragraph at lines 20--20
\OT1/cmr/m/n/8 una con-fig-u-
 []


Underfull \hbox (badness 10000) in paragraph at lines 20--21
[]\OT1/cmr/m/n/8 Storico con-fig-u-
 []


Underfull \hbox (badness 10000) in paragraph at lines 20--21
\OT1/cmr/m/n/8 razioni, ac-cesso
 []


Underfull \hbox (badness 10000) in paragraph at lines 22--22
[]\OT1/cmr/m/n/8 Amministratore
 []


Underfull \hbox (badness 10000) in paragraph at lines 22--22
[]\OT1/cmr/m/n/8 Operatore che
 []


Underfull \hbox (badness 3579) in paragraph at lines 22--22
\OT1/cmr/m/n/8 gestisce prodotti,
 []


Underfull \hbox (badness 10000) in paragraph at lines 22--22
\OT1/cmr/m/n/8 com-po-nenti,
 []


Underfull \hbox (badness 10000) in paragraph at lines 22--22
\OT1/cmr/m/n/8 disponi-bilita' e
 []


Underfull \hbox (badness 2409) in paragraph at lines 22--22
[]\OT1/cmr/m/n/8 Mantenere co-er-ente
 []


Underfull \hbox (badness 3942) in paragraph at lines 22--22
\OT1/cmr/m/n/8 il cat-a-l-ogo e ren-
 []


Underfull \hbox (badness 10000) in paragraph at lines 22--23
[]\OT1/cmr/m/n/8 Interfacce di
 []


Underfull \hbox (badness 10000) in paragraph at lines 22--23
\OT1/cmr/m/n/8 ges-tione chiare,
 []


Underfull \hbox (badness 10000) in paragraph at lines 22--23
\OT1/cmr/m/n/8 ag-gior-na-menti
 []


Underfull \hbox (badness 10000) in paragraph at lines 22--23
\OT1/cmr/m/n/8 ra-pidi, con-trollo
 []


Underfull \hbox (badness 10000) in paragraph at lines 37--37
[]\OT1/cmr/m/n/8 Committente del
 []


Underfull \hbox (badness 10000) in paragraph at lines 37--38
[]\OT1/cmr/m/n/8 Aumentare con-ver-sione,
 []


Underfull \hbox (badness 10000) in paragraph at lines 37--38
\OT1/cmr/m/n/8 ridurre ab-ban-dono,
 []


Underfull \hbox (badness 10000) in paragraph at lines 37--38
\OT1/cmr/m/n/8 miglio-rare es-pe-rienza
 []


Underfull \hbox (badness 1688) in paragraph at lines 39--40
\OT1/cmr/m/n/8 ta-mento ver-i-fi-ca-bile, ar-
 []


Underfull \hbox (badness 10000) in paragraph at lines 41--41
[]\OT1/cmr/m/n/8 Supporta utenti con
 []


Underfull \hbox (badness 4416) in paragraph at lines 43--43
[]\OT1/cmr/m/n/8 Responsabile busi-
 []


Underfull \hbox (badness 10000) in paragraph at lines 43--43
[]\OT1/cmr/m/n/8 Analizza an-da-mento
 []


Underfull \hbox (badness 1838) in paragraph at lines 43--43
\OT1/cmr/m/n/8 ven-dite e uti-lizzo del
 []

[2] [3] [4] [5] [6]) (sections/design.tex [7] [8] [9] [10]) (sections/tecnologie.tex [11]
Overfull \hbox (2.25055pt too wide) in paragraph at lines 46--47
[]\OT1/cmr/m/n/10 Conviene man-tenere qui il fo-cus sul val-ore ap-plica-tivo e sull'esperienza utente,
 []

) (sections/codice.tex [12] [13]) (sections/test.tex [14] [15]) (sections/deployment.tex [16]) (sections/conclusioni.tex
Overfull \hbox (6.99951pt too wide) in paragraph at lines 3--4
\OT1/cmr/m/n/10 KompozeR e' stato con-cepito come un'estensione evo-luta dell'e-commerce Kompo,
 []

[17]
Overfull \hbox (31.30627pt too wide) in paragraph at lines 22--23
\OT1/cmr/m/n/10 Tra le evoluzioni nat-u-rali del pro-getto ri-en-trano il con-sol-i-da-mento dell'implementazione,
 []

) [18] (main.aux)
 ***********
LaTeX2e <2025-11-01>
L3 programming layer <2026-01-19>
 ***********
 ) 
Here is how much of TeX's memory you used:
 1805 strings out of 467867
 29678 string characters out of 5418335
 448759 words of memory out of 5000000
 30685 multiletter control sequences out of 15000+600000
 632788 words of font info for 57 fonts, out of 8000000 for 9000
 1141 hyphenation exceptions out of 8191
 57i,8n,65p,593b,290s stack positions out of 10000i,1000n,20000p,200000b,200000s
 <C:\Users\giann\AppData\Local\MiKTeX\fonts/pk/ljfour/jknappen/ec/dpi600\tcrm1000.pk><C:/Users/giann/AppData/Local/Programs/MiKTeX/fonts/type1/public/amsfonts/cm/cmbx10.pfb><C:/Users/giann/AppData/Local/Programs/MiKTeX/fonts/type1/public/amsfonts/cm/cmbx12.pfb><C:/Users/giann/AppData/Local/Programs/MiKTeX/fonts/type1/public/amsfonts/cm/cmbx8.pfb><C:/Users/giann/AppData/Local/Programs/MiKTeX/fonts/type1/public/amsfonts/cm/cmr10.pfb><C:/Users/giann/AppData/Local/Programs/MiKTeX/fonts/type1/public/amsfonts/cm/cmr12.pfb><C:/Users/giann/AppData/Local/Programs/MiKTeX/fonts/type1/public/amsfonts/cm/cmr17.pfb><C:/Users/giann/AppData/Local/Programs/MiKTeX/fonts/type1/public/amsfonts/cm/cmr8.pfb><C:/Users/giann/AppData/Local/Programs/MiKTeX/fonts/type1/public/amsfonts/cm/cmsy10.pfb><C:/Users/giann/AppData/Local/Programs/MiKTeX/fonts/type1/public/amsfonts/cm/cmtt10.pfb>
Output written on main.pdf (19 pages, 180005 bytes).
PDF statistics:
 114 PDF objects out of 1000 (max. 8388607)
 0 named destinations out of 1000 (max. 500000)
 1 words of extra memory for PDF output out of 10000 (max. 10000000)

