This is pdfTeX, Version 3.141592653-2.6-1.40.29 (MiKTeX 26.2) (preloaded format=pdflatex 2026.3.2)  30 JUN 2026 23:15
entering extended mode
 restricted \write18 enabled.
 file:line:error style messages enabled.
 %&-line parsing enabled.
**c:/Users/giann/Documents/GitHub/KompozeR/ReportASW/report.tex
(c:/Users/giann/Documents/GitHub/KompozeR/ReportASW/report.tex
LaTeX2e <2025-11-01>
L3 programming layer <2026-01-19>
(C:\Users\giann\AppData\Local\Programs\MiKTeX\tex/latex/base\report.cls
Document Class: report 2025/01/22 v1.4n Standard LaTeX document class
(C:\Users\giann\AppData\Local\Programs\MiKTeX\tex/latex/base\size10.clo
File: size10.clo 2025/01/22 v1.4n Standard LaTeX file (size option)
)
\c@part=\count275
\c@chapter=\count276
\c@section=\count277
\c@subsection=\count278
\c@subsubsection=\count279
\c@paragraph=\count280
\c@subparagraph=\count281
\c@figure=\count282
\c@table=\count283
\abovecaptionskip=\skip49
\belowcaptionskip=\skip50
\bibindent=\dimen148
) (C:\Users\giann\AppData\Local\Programs\MiKTeX\tex/latex/base\inputenc.sty
Package: inputenc 2024/02/08 v1.3d Input encoding file
\inpenc@prehook=\toks17
\inpenc@posthook=\toks18
) (C:\Users\giann\AppData\Local\Programs\MiKTeX\tex/latex/base\fontenc.sty
Package: fontenc 2025/07/18 v2.1d Standard LaTeX package
) (C:\Users\giann\AppData\Local\Programs\MiKTeX\tex/latex/xcolor\xcolor.sty
Package: xcolor 2024/09/29 v3.02 LaTeX color extensions (UK)
 (C:\Users\giann\AppData\Local\Programs\MiKTeX\tex/latex/graphics-cfg\color.cfg
File: color.cfg 2016/01/02 v1.6 sample color configuration
)
Package xcolor Info: Driver file: pdftex.def on input line 274.
 (C:\Users\giann\AppData\Local\Programs\MiKTeX\tex/latex/graphics-def\pdftex.def
File: pdftex.def 2025/09/29 v1.2d Graphics/color driver for pdftex
) (C:\Users\giann\AppData\Local\Programs\MiKTeX\tex/latex/graphics\mathcolor.ltx)
Package xcolor Info: Model `cmy' substituted by `cmy0' on input line 1349.
Package xcolor Info: Model `hsb' substituted by `rgb' on input line 1353.
Package xcolor Info: Model `RGB' extended on input line 1365.
Package xcolor Info: Model `HTML' substituted by `rgb' on input line 1367.
Package xcolor Info: Model `Hsb' substituted by `hsb' on input line 1368.
Package xcolor Info: Model `tHsb' substituted by `hsb' on input line 1369.
Package xcolor Info: Model `HSB' substituted by `hsb' on input line 1370.
Package xcolor Info: Model `Gray' substituted by `gray' on input line 1371.
Package xcolor Info: Model `wave' substituted by `hsb' on input line 1372.
) (C:\Users\giann\AppData\Local\Programs\MiKTeX\tex/latex/listings\listings.sty (C:\Users\giann\AppData\Local\Programs\MiKTeX\tex/latex/graphics\keyval.sty
Package: keyval 2022/05/29 v1.15 key=value parser (DPC)
\KV@toks@=\toks19
)
\lst@mode=\count284
\lst@gtempboxa=\box53
\lst@token=\toks20
\lst@length=\count285
\lst@currlwidth=\dimen149
\lst@column=\count286
\lst@pos=\count287
\lst@lostspace=\dimen150
\lst@width=\dimen151
\lst@newlines=\count288
\lst@lineno=\count289
\lst@maxwidth=\dimen152
 (C:\Users\giann\AppData\Local\Programs\MiKTeX\tex/latex/listings\lstpatch.sty
File: lstpatch.sty 2025/11/14 1.11b (Carsten Heinz)
) (C:\Users\giann\AppData\Local\Programs\MiKTeX\tex/latex/listings\lstmisc.sty
File: lstmisc.sty 2025/11/14 1.11b (Carsten Heinz)
\c@lstnumber=\count290
\lst@skipnumbers=\count291
\lst@framebox=\box54
) (C:\Users\giann\AppData\Local\Programs\MiKTeX\tex/latex/listings\listings.cfg
File: listings.cfg 2025/11/14 1.11b listings configuration
))
Package: listings 2025/11/14 1.11b (Carsten Heinz)

==> First Aid for listings.sty no longer applied!
    Expected:
        2024/09/23 1.10c (Carsten Heinz)
    but found:
        2025/11/14 1.11b (Carsten Heinz)
    so I'm assuming it got fixed.
(C:\Users\giann\AppData\Local\Programs\MiKTeX\tex/latex/natbib\natbib.sty
Package: natbib 2010/09/13 8.31b (PWD, AO)
\bibhang=\skip51
\bibsep=\skip52
LaTeX Info: Redefining \cite on input line 694.
\c@NAT@ctr=\count292
) (C:\Users\giann\AppData\Local\Programs\MiKTeX\tex/latex/graphics\graphicx.sty
Package: graphicx 2024/12/31 v1.2e Enhanced LaTeX Graphics (DPC,SPQR)
 (C:\Users\giann\AppData\Local\Programs\MiKTeX\tex/latex/graphics\graphics.sty
Package: graphics 2024/08/06 v1.4g Standard LaTeX Graphics (DPC,SPQR)
 (C:\Users\giann\AppData\Local\Programs\MiKTeX\tex/latex/graphics\trig.sty
Package: trig 2023/12/02 v1.11 sin cos tan (DPC)
) (C:\Users\giann\AppData\Local\Programs\MiKTeX\tex/latex/graphics-cfg\graphics.cfg
File: graphics.cfg 2016/06/04 v1.11 sample graphics configuration
)
Package graphics Info: Driver file: pdftex.def on input line 106.
)
\Gin@req@height=\dimen153
\Gin@req@width=\dimen154
) (C:\Users\giann\AppData\Local\Programs\MiKTeX\tex/latex/hyperref\hyperref.sty
Package: hyperref 2026-01-29 v7.01p Hypertext links for LaTeX
 (C:\Users\giann\AppData\Local\Programs\MiKTeX\tex/generic/iftex\iftex.sty
Package: iftex 2024/12/12 v1.0g TeX engine tests
) (C:\Users\giann\AppData\Local\Programs\MiKTeX\tex/latex/kvsetkeys\kvsetkeys.sty
Package: kvsetkeys 2022-10-05 v1.19 Key value parser (HO)
) (C:\Users\giann\AppData\Local\Programs\MiKTeX\tex/generic/kvdefinekeys\kvdefinekeys.sty
Package: kvdefinekeys 2019-12-19 v1.6 Define keys (HO)
) (C:\Users\giann\AppData\Local\Programs\MiKTeX\tex/generic/pdfescape\pdfescape.sty
Package: pdfescape 2019/12/09 v1.15 Implements pdfTeX's escape features (HO)
 (C:\Users\giann\AppData\Local\Programs\MiKTeX\tex/generic/ltxcmds\ltxcmds.sty
Package: ltxcmds 2023-12-04 v1.26 LaTeX kernel commands for general use (HO)
) (C:\Users\giann\AppData\Local\Programs\MiKTeX\tex/generic/pdftexcmds\pdftexcmds.sty
Package: pdftexcmds 2020-06-27 v0.33 Utility functions of pdfTeX for LuaTeX (HO)
 (C:\Users\giann\AppData\Local\Programs\MiKTeX\tex/generic/infwarerr\infwarerr.sty
Package: infwarerr 2019/12/03 v1.5 Providing info/warning/error messages (HO)
)
Package pdftexcmds Info: \pdf@primitive is available.
Package pdftexcmds Info: \pdf@ifprimitive is available.
Package pdftexcmds Info: \pdfdraftmode found.
)) (C:\Users\giann\AppData\Local\Programs\MiKTeX\tex/latex/hycolor\hycolor.sty
Package: hycolor 2020-01-27 v1.10 Color options for hyperref/bookmark (HO)
) (C:\Users\giann\AppData\Local\Programs\MiKTeX\tex/latex/hyperref\nameref.sty
Package: nameref 2026-01-29 v2.58 Cross-referencing by name of section
 (C:\Users\giann\AppData\Local\Programs\MiKTeX\tex/latex/refcount\refcount.sty
Package: refcount 2019/12/15 v3.6 Data extraction from label references (HO)
) (C:\Users\giann\AppData\Local\Programs\MiKTeX\tex/generic/gettitlestring\gettitlestring.sty
Package: gettitlestring 2019/12/15 v1.6 Cleanup title references (HO)
 (C:\Users\giann\AppData\Local\Programs\MiKTeX\tex/latex/kvoptions\kvoptions.sty
Package: kvoptions 2022-06-15 v3.15 Key value format for package options (HO)
))
\c@section@level=\count293
) (C:\Users\giann\AppData\Local\Programs\MiKTeX\tex/latex/etoolbox\etoolbox.sty
Package: etoolbox 2025/10/02 v2.5m e-TeX tools for LaTeX (JAW)
\etb@tempcnta=\count294
) (C:\Users\giann\AppData\Local\Programs\MiKTeX\tex/generic/stringenc\stringenc.sty
Package: stringenc 2019/11/29 v1.12 Convert strings between diff. encodings (HO)
)
\@linkdim=\dimen155
\Hy@linkcounter=\count295
\Hy@pagecounter=\count296
 (C:\Users\giann\AppData\Local\Programs\MiKTeX\tex/latex/hyperref\pd1enc.def
File: pd1enc.def 2026-01-29 v7.01p Hyperref: PDFDocEncoding definition (HO)
Now handling font encoding PD1 ...
... no UTF-8 mapping file for font encoding PD1
) (C:\Users\giann\AppData\Local\Programs\MiKTeX\tex/generic/intcalc\intcalc.sty
Package: intcalc 2019/12/15 v1.3 Expandable calculations with integers (HO)
)
\Hy@SavedSpaceFactor=\count297
 (C:\Users\giann\AppData\Local\Programs\MiKTeX\tex/latex/hyperref\puenc.def
File: puenc.def 2026-01-29 v7.01p Hyperref: PDF Unicode definition (HO)
Now handling font encoding PU ...
... no UTF-8 mapping file for font encoding PU
)
Package hyperref Info: Option `colorlinks' set `true' on input line 4072.
Package hyperref Info: Hyper figures OFF on input line 4201.
Package hyperref Info: Link nesting OFF on input line 4206.
Package hyperref Info: Hyper index ON on input line 4209.
Package hyperref Info: Plain pages OFF on input line 4216.
Package hyperref Info: Backreferencing OFF on input line 4221.
Package hyperref Info: Implicit mode ON; LaTeX internals redefined.
Package hyperref Info: Bookmarks ON on input line 4468.
\c@Hy@tempcnt=\count298
 (C:\Users\giann\AppData\Local\Programs\MiKTeX\tex/latex/url\url.sty
\Urlmuskip=\muskip17
Package: url 2013/09/16  ver 3.4  Verb mode for urls, etc.
)
LaTeX Info: Redefining \url on input line 4807.
\XeTeXLinkMargin=\dimen156
 (C:\Users\giann\AppData\Local\Programs\MiKTeX\tex/generic/bitset\bitset.sty
Package: bitset 2019/12/09 v1.3 Handle bit-vector datatype (HO)
 (C:\Users\giann\AppData\Local\Programs\MiKTeX\tex/generic/bigintcalc\bigintcalc.sty
Package: bigintcalc 2019/12/15 v1.5 Expandable calculations on big integers (HO)
))
\Fld@menulength=\count299
\Field@Width=\dimen157
\Fld@charsize=\dimen158
Package hyperref Info: Hyper figures OFF on input line 6084.
Package hyperref Info: Link nesting OFF on input line 6089.
Package hyperref Info: Hyper index ON on input line 6092.
Package hyperref Info: backreferencing OFF on input line 6099.
Package hyperref Info: Link coloring ON on input line 6102.
Package hyperref Info: Link coloring with OCG OFF on input line 6109.
Package hyperref Info: PDF/A mode OFF on input line 6114.
\Hy@abspage=\count300
\c@Item=\count301
\c@Hfootnote=\count302
)
Package hyperref Info: Driver (autodetected): hpdftex.
 (C:\Users\giann\AppData\Local\Programs\MiKTeX\tex/latex/hyperref\hpdftex.def
File: hpdftex.def 2026-01-29 v7.01p Hyperref driver for pdfTeX
\Fld@listcount=\count303
\c@bookmark@seq@number=\count304
 (C:\Users\giann\AppData\Local\Programs\MiKTeX\tex/latex/rerunfilecheck\rerunfilecheck.sty
Package: rerunfilecheck 2025-06-21 v1.11 Rerun checks for auxiliary files (HO)
 (C:\Users\giann\AppData\Local\Programs\MiKTeX\tex/generic/uniquecounter\uniquecounter.sty
Package: uniquecounter 2019/12/15 v1.4 Provide unlimited unique counter (HO)
)
Package uniquecounter Info: New unique counter `rerunfilecheck' on input line 284.
)
\Hy@SectionHShift=\skip53
) (C:\Users\giann\AppData\Local\Programs\MiKTeX\tex/latex/l3backend\l3backend-pdftex.def
File: l3backend-pdftex.def 2025-10-09 L3 backend support: PDF output (pdfTeX)
\l__color_backend_stack_int=\count305
) (report.aux)
\openout1 = `report.aux'.

LaTeX Font Info:    Checking defaults for OML/cmm/m/it on input line 77.
LaTeX Font Info:    ... okay on input line 77.
LaTeX Font Info:    Checking defaults for OMS/cmsy/m/n on input line 77.
LaTeX Font Info:    ... okay on input line 77.
LaTeX Font Info:    Checking defaults for OT1/cmr/m/n on input line 77.
LaTeX Font Info:    ... okay on input line 77.
LaTeX Font Info:    Checking defaults for T1/cmr/m/n on input line 77.
LaTeX Font Info:    ... okay on input line 77.
LaTeX Font Info:    Checking defaults for TS1/cmr/m/n on input line 77.
LaTeX Font Info:    ... okay on input line 77.
LaTeX Font Info:    Checking defaults for OMX/cmex/m/n on input line 77.
LaTeX Font Info:    ... okay on input line 77.
LaTeX Font Info:    Checking defaults for U/cmr/m/n on input line 77.
LaTeX Font Info:    ... okay on input line 77.
LaTeX Font Info:    Checking defaults for PD1/pdf/m/n on input line 77.
LaTeX Font Info:    ... okay on input line 77.
LaTeX Font Info:    Checking defaults for PU/pdf/m/n on input line 77.
LaTeX Font Info:    ... okay on input line 77.
 (C:\Users\giann\AppData\Local\Programs\MiKTeX\tex/context/base/mkii\supp-pdf.mkii
[Loading MPS to PDF converter (version 2006.09.02).]
\scratchcounter=\count306
\scratchdimen=\dimen159
\scratchbox=\box55
\nofMPsegments=\count307
\nofMParguments=\count308
\everyMPshowfont=\toks21
\MPscratchCnt=\count309
\MPscratchDim=\dimen160
\MPnumerator=\count310
\makeMPintoPDFobject=\count311
\everyMPtoPDFconversion=\toks22
) (C:\Users\giann\AppData\Local\Programs\MiKTeX\tex/latex/epstopdf-pkg\epstopdf-base.sty
Package: epstopdf-base 2020-01-24 v2.11 Base part for package epstopdf
Package epstopdf-base Info: Redefining graphics rule for `.eps' on input line 485.
 (C:\Users\giann\AppData\Local\Programs\MiKTeX\tex/latex/00miktex\epstopdf-sys.cfg
File: epstopdf-sys.cfg 2021/03/18 v2.0 Configuration of epstopdf for MiKTeX
))
\c@lstlisting=\count312
Package hyperref Info: Link coloring ON on input line 77.
 (report.out) (report.out)
\@outlinefile=\write3
\openout3 = `report.out'.

LaTeX Font Info:    External font `cmex10' loaded for size
(Font)              <12> on input line 80.
LaTeX Font Info:    External font `cmex10' loaded for size
(Font)              <8> on input line 80.
LaTeX Font Info:    External font `cmex10' loaded for size
(Font)              <6> on input line 80.
 [1

{C:/Users/giann/AppData/Local/MiKTeX/fonts/map/pdftex/pdftex.map}] (report.toc
LaTeX Font Info:    External font `cmex10' loaded for size
(Font)              <7> on input line 1.
LaTeX Font Info:    External font `cmex10' loaded for size
(Font)              <5> on input line 1.

pdfTeX warning (ext4): destination with the same identifier (name{page.1}) has been already used, duplicate ignored
<to be read again> 
                   \relax 
l.54 ....7.1}Limiti attuali}{29}{subsection.0.7.1}
                                                  % [1

])
\tf@toc=\write4
\openout4 = `report.toc'.

 [2] (sections/introduzione.tex [3]) (sections/requisiti.tex
Underfull \hbox (badness 10000) in paragraph at lines 18--18
[]\T1/cmr/bx/n/8 Obiettivi prin-ci-
 []


Underfull \hbox (badness 10000) in paragraph at lines 20--20
[]\T1/cmr/m/n/8 Utente che
 []


Underfull \hbox (badness 10000) in paragraph at lines 20--20
\T1/cmr/m/n/8 desidera pro-
 []


Underfull \hbox (badness 10000) in paragraph at lines 20--20
\T1/cmr/m/n/8 gettare e ac-
 []


Underfull \hbox (badness 10000) in paragraph at lines 20--20
\T1/cmr/m/n/8 quistare una
 []


Underfull \hbox (badness 10000) in paragraph at lines 20--20
\T1/cmr/m/n/8 scaf-falatura per-
 []


Underfull \hbox (badness 2418) in paragraph at lines 20--20
[]\T1/cmr/m/n/8 Configurare rap-i-da-
 []


Underfull \hbox (badness 6978) in paragraph at lines 20--20
\T1/cmr/m/n/8 mente il prodotto
 []


Underfull \hbox (badness 10000) in paragraph at lines 20--20
\T1/cmr/m/n/8 cor-retto, capire
 []


Underfull \hbox (badness 6157) in paragraph at lines 20--20
\T1/cmr/m/n/8 prezzo e com-pat-i-
 []


Underfull \hbox (badness 10000) in paragraph at lines 20--20
\T1/cmr/m/n/8 bilita', com-pletare
 []


Underfull \hbox (badness 10000) in paragraph at lines 20--20
\T1/cmr/m/n/8 l'acquisto senza
 []


Underfull \hbox (badness 10000) in paragraph at lines 20--21
[]\T1/cmr/m/n/8 Configuratore
 []


Underfull \hbox (badness 3826) in paragraph at lines 20--21
\T1/cmr/m/n/8 chiaro, an-teprima
 []


Underfull \hbox (badness 10000) in paragraph at lines 22--22
[]\T1/cmr/m/n/8 Cliente reg-is-
 []


Underfull \hbox (badness 10000) in paragraph at lines 22--22
\T1/cmr/m/n/8 una con-fig-u-
 []


Underfull \hbox (badness 1005) in paragraph at lines 22--22
[]\T1/cmr/m/n/8 Riordinare o mod-i-
 []


Underfull \hbox (badness 10000) in paragraph at lines 22--23
[]\T1/cmr/m/n/8 Storico con-fig-u-
 []


Underfull \hbox (badness 10000) in paragraph at lines 22--23
\T1/cmr/m/n/8 razioni, ac-cesso
 []


Underfull \hbox (badness 10000) in paragraph at lines 24--24
[]\T1/cmr/m/n/8 Amministratore
 []


Underfull \hbox (badness 10000) in paragraph at lines 24--24
[]\T1/cmr/m/n/8 Operatore che
 []


Underfull \hbox (badness 3612) in paragraph at lines 24--24
\T1/cmr/m/n/8 gestisce prodotti,
 []


Underfull \hbox (badness 10000) in paragraph at lines 24--24
\T1/cmr/m/n/8 com-po-nenti,
 []


Underfull \hbox (badness 10000) in paragraph at lines 24--24
\T1/cmr/m/n/8 disponi-bilita' e
 []


Underfull \hbox (badness 2443) in paragraph at lines 24--24
[]\T1/cmr/m/n/8 Mantenere co-er-ente
 []


Underfull \hbox (badness 3965) in paragraph at lines 24--24
\T1/cmr/m/n/8 il cat-a-l-ogo e ren-
 []


Underfull \hbox (badness 10000) in paragraph at lines 24--25
[]\T1/cmr/m/n/8 Interfacce di
 []


Underfull \hbox (badness 10000) in paragraph at lines 24--25
\T1/cmr/m/n/8 ges-tione chiare,
 []


Underfull \hbox (badness 10000) in paragraph at lines 24--25
\T1/cmr/m/n/8 ag-gior-na-menti
 []


Underfull \hbox (badness 10000) in paragraph at lines 24--25
\T1/cmr/m/n/8 ra-pidi, con-trollo
 []


Underfull \hbox (badness 10000) in paragraph at lines 39--39
[]\T1/cmr/m/n/8 Committente del
 []


Underfull \hbox (badness 10000) in paragraph at lines 39--40
[]\T1/cmr/m/n/8 Aumentare ven-dite,
 []


Underfull \hbox (badness 10000) in paragraph at lines 41--42
[]\T1/cmr/m/n/8 Requisiti chiari, com-
 []


Underfull \hbox (badness 10000) in paragraph at lines 41--42
\T1/cmr/m/n/8 por-ta-mento ver-i-fi-ca-bile,
 []


Underfull \hbox (badness 10000) in paragraph at lines 43--43
[]\T1/cmr/m/n/8 Supporta utenti con
 []


Underfull \hbox (badness 4467) in paragraph at lines 45--45
[]\T1/cmr/m/n/8 Responsabile busi-
 []

[4] [5] [6] [7] [8] [9]) (sections/design.tex
Overfull \hbox (1.83197pt too wide) in paragraph at lines 3--4
\T1/cmr/m/n/10 con-text, servizi, con-tratti ap-plica-tivi e per-sis-tenza siano stati allineati in un'unica
 []

[10]
Overfull \hbox (2.09341pt too wide) in paragraph at lines 39--40
[]\T1/cmr/m/n/10 Responsabilita: ges-tione iden-tita', lo-gin, reg-is-trazione, ses-sioni e ruoli. 
 []


Overfull \hbox (59.77377pt too wide) in paragraph at lines 47--48
[]\T1/cmr/m/n/10 Pubblica eventi su Re-dis (\T1/cmtt/m/n/10 catalog:events\T1/cmr/m/n/10 ) quando cam-biano prezzo/disponibilita. 
 []


Overfull \hbox (67.022pt too wide) in paragraph at lines 73--74
[]\T1/cmr/m/n/10 Possiede: no-ti-fiche (\T1/cmtt/m/n/10 notifications\T1/cmr/m/n/10 ), sot-to-scrizioni (\T1/cmtt/m/n/10 notificationSubscriptions\T1/cmr/m/n/10 ),
 []


Overfull \hbox (109.42831pt too wide) in paragraph at lines 74--75
[]\T1/cmr/m/n/10 Consuma eventi cat-a-l-ogo da Re-dis e ri-solve im-patti su con-testi CAD/CART/SUBSCRIPTION. 
 []

[11]
Overfull \hbox (18.8492pt too wide) in paragraph at lines 96--97
[]\T1/cmr/m/n/10 API Gate-way $\OMS/cmsy/m/n/10 !$ \T1/cmr/m/n/10 Cat-a-log/CAD/Cart/Order/Notification/Chatbot/Reporting:
 []


Overfull \hbox (82.84448pt too wide) in paragraph at lines 109--130
 [][] 
 []

[12]
Overfull \hbox (16.49872pt too wide) in paragraph at lines 146--147
[]\T1/cmr/m/n/10 Le in-ter-azioni prin-ci-pali us-ano REST. Le fun-zion-alita' real-time us-ano Socket.IO: 
 []

[13] [14] [15]
LaTeX Font Info:    Font shape `T1/cmtt/bx/n' in size <10> not available
(Font)              Font shape `T1/cmtt/m/n' tried instead on input line 246.
<images/configurazioni.png, id=293, 1028.34187pt x 578.16pt>
File: images/configurazioni.png Graphic file (type png)
<use images/configurazioni.png>
Package pdftex.def Info: images/configurazioni.png  used on input line 252.
(pdftex.def)             Requested size: 452.47183pt x 254.39117pt.

Overfull \hbox (107.47183pt too wide) in paragraph at lines 252--253
 [][] 
 []

[16 <./images/configurazioni.png (PNG copy)>]
<images/Configuratore-desktop.png, id=301, 1028.34187pt x 578.16pt>
File: images/Configuratore-desktop.png Graphic file (type png)
<use images/Configuratore-desktop.png>
Package pdftex.def Info: images/Configuratore-desktop.png  used on input line 265.
(pdftex.def)             Requested size: 452.47183pt x 254.39117pt.

Overfull \hbox (107.47183pt too wide) in paragraph at lines 265--266
 [][] 
 []

<images/Configuratore-mobile.png, id=302, 1028.34187pt x 578.16pt>
File: images/Configuratore-mobile.png Graphic file (type png)
<use images/Configuratore-mobile.png>
Package pdftex.def Info: images/Configuratore-mobile.png  used on input line 272.
(pdftex.def)             Requested size: 452.47183pt x 254.39117pt.

Overfull \hbox (107.47183pt too wide) in paragraph at lines 272--273
 [][] 
 []


LaTeX Warning: `!h' float specifier changed to `!ht'.

<images/Ordini.png, id=303, 1028.34187pt x 578.16pt>
File: images/Ordini.png Graphic file (type png)
<use images/Ordini.png>
Package pdftex.def Info: images/Ordini.png  used on input line 284.
(pdftex.def)             Requested size: 452.47183pt x 254.39117pt.

Overfull \hbox (107.47183pt too wide) in paragraph at lines 284--285
 [][] 
 []


LaTeX Warning: `!h' float specifier changed to `!ht'.

<images/Report.png, id=304, 1028.34187pt x 578.16pt>
File: images/Report.png Graphic file (type png)
<use images/Report.png>
Package pdftex.def Info: images/Report.png  used on input line 297.
(pdftex.def)             Requested size: 452.47183pt x 254.39117pt.

Overfull \hbox (107.47183pt too wide) in paragraph at lines 297--298
 [][] 
 []


LaTeX Warning: `!h' float specifier changed to `!ht'.

[17 <./images/Configuratore-desktop.png (PNG copy)>] [18 <./images/Configuratore-mobile.png (PNG copy)>] [19 <./images/Ordini.png (PNG copy)>]) (sections/tecnologie.tex [20 <./images/Report.png (PNG copy)>]
Overfull \hbox (50.72635pt too wide) in paragraph at lines 26--28
\T1/cmr/m/n/10 componente. Nel pro-getto Kom-pozeR l'applicazione viene avvi-ata tramite \T1/cmtt/m/n/10 docker-compose\T1/cmr/m/n/10 ,
 []


Overfull \hbox (8.10046pt too wide) in paragraph at lines 33--34
[]\T1/cmr/bx/n/10 backend\T1/cmr/m/n/10 : \T1/cmtt/m/n/10 auth-service\T1/cmr/m/n/10 , \T1/cmtt/m/n/10 catalog-service\T1/cmr/m/n/10 , \T1/cmtt/m/n/10 cad-service\T1/cmr/m/n/10 , \T1/cmtt/m/n/10 cart-service\T1/cmr/m/n/10 ,
 []


Overfull \hbox (39.60666pt too wide) in paragraph at lines 33--34
\T1/cmtt/m/n/10 order-service\T1/cmr/m/n/10 , \T1/cmtt/m/n/10 notification-service\T1/cmr/m/n/10 , \T1/cmtt/m/n/10 chatbot-service\T1/cmr/m/n/10 , \T1/cmtt/m/n/10 reporting-service\T1/cmr/m/n/10 ,
 []

[21]) (sections/codice.tex
Overfull \hbox (38.7674pt too wide) in paragraph at lines 7--8
\T1/cmr/m/n/10 Nel lis-tato seguente e' mostrato uno use case del \T1/cmtt/m/n/10 chatbotService \T1/cmr/m/n/10 (\T1/cmtt/m/n/10 SendSessionMessage\T1/cmr/m/n/10 )
 []

Package hyperref Info: bookmark level for unknown lstlisting defaults to 0 on input line 9.
LaTeX Font Info:    Font shape `T1/cmtt/bx/n' in size <9> not available
(Font)              Font shape `T1/cmtt/m/n' tried instead on input line 10.
[22] [23] [24] [25] [26] [27]) (sections/deployment.tex
Overfull \hbox (50.1294pt too wide) in paragraph at lines 14--15
[]\T1/cmr/m/n/10 L'interazione tra i com-po-nenti e' or-ches-trata au-to-mati-ca-mente tramite \T1/cmtt/m/n/10 docker-compose\T1/cmr/m/n/10 .
 []


Overfull \hbox (3.9487pt too wide) in paragraph at lines 34--35
[]\T1/cmr/m/n/10 backend + in-fras-trut-tura: \T1/cmtt/m/n/10 docker compose -f docker-compose.dev.yml
 []

[28]) (sections/conclusioni.tex
Overfull \hbox (6.35754pt too wide) in paragraph at lines 3--5
\T1/cmr/m/n/10 KompozeR e' stato con-cepito come un'estensione evo-luta dell'e-commerce Kompo,
 []

[29]) (report.aux)
 ***********
LaTeX2e <2025-11-01>
L3 programming layer <2026-01-19>
 ***********
Package rerunfilecheck Info: File `report.out' has not changed.
(rerunfilecheck)             Checksum: 7A2A216225D9B1D5C4235B42E27DECA4;5823.
 ) 
Here is how much of TeX's memory you used:
 11686 strings out of 467867
 177074 string characters out of 5418335
 812277 words of memory out of 5000000
 40187 multiletter control sequences out of 15000+600000
 641425 words of font info for 65 fonts, out of 8000000 for 9000
 1141 hyphenation exceptions out of 8191
 75i,10n,79p,486b,2040s stack positions out of 10000i,1000n,20000p,200000b,200000s
 <C:\Users\giann\AppData\Local\MiKTeX\fonts/pk/ljfour/jknappen/ec/dpi600\ectt0900.pk> <C:\Users\giann\AppData\Local\MiKTeX\fonts/pk/ljfour/jknappen/ec/dpi600\ecrm0500.pk> <C:\Users\giann\AppData\Local\MiKTeX\fonts/pk/ljfour/jknappen/ec/dpi600\ectt1000.pk> <C:\Users\giann\AppData\Local\MiKTeX\fonts/pk/ljfour/jknappen/ec/dpi600\tcrm1000.pk> <C:\Users\giann\AppData\Local\MiKTeX\fonts/pk/ljfour/jknappen/ec/dpi600\ecrm0800.pk> <C:\Users\giann\AppData\Local\MiKTeX\fonts/pk/ljfour/jknappen/ec/dpi600\ecbx0800.pk> <C:\Users\giann\AppData\Local\MiKTeX\fonts/pk/ljfour/jknappen/ec/dpi600\ecbx1000.pk> <C:\Users\giann\AppData\Local\MiKTeX\fonts/pk/ljfour/jknappen/ec/dpi600\ecbx1200.pk> <C:\Users\giann\AppData\Local\MiKTeX\fonts/pk/ljfour/jknappen/ec/dpi600\ecbx1440.pk> <C:\Users\giann\AppData\Local\MiKTeX\fonts/pk/ljfour/jknappen/ec/dpi600\ecrm1000.pk> <C:\Users\giann\AppData\Local\MiKTeX\fonts/pk/ljfour/jknappen/ec/dpi600\ecbx2488.pk> <C:\Users\giann\AppData\Local\MiKTeX\fonts/pk/ljfour/jknappen/ec/dpi600\ecrm1200.pk> <C:\Users\giann\AppData\Local\MiKTeX\fonts/pk/ljfour/jknappen/ec/dpi600\ecrm1728.pk><C:/Users/giann/AppData/Local/Programs/MiKTeX/fonts/type1/public/amsfonts/cm/cmsy10.pfb><C:/Users/giann/AppData/Local/Programs/MiKTeX/fonts/type1/public/amsfonts/latxfont/lcircle1.pfb>
Output written on report.pdf (30 pages, 1247900 bytes).
PDF statistics:
 1099 PDF objects out of 1200 (max. 8388607)
 251 named destinations out of 1000 (max. 500000)
 330 words of extra memory for PDF output out of 10000 (max. 10000000)

