\BOOKMARK [1][-]{section.0.1}{\376\377\000I\000n\000t\000r\000o\000d\000u\000z\000i\000o\000n\000e}{}% 1
\BOOKMARK [2][-]{subsection.0.1.1}{\376\377\000C\000o\000n\000t\000e\000s\000t\000o}{section.0.1}% 2
\BOOKMARK [1][-]{section.0.2}{\376\377\000R\000e\000q\000u\000i\000s\000i\000t\000i}{}% 3
\BOOKMARK [2][-]{subsection.0.2.1}{\376\377\000S\000t\000a\000k\000e\000h\000o\000l\000d\000e\000r}{section.0.2}% 4
\BOOKMARK [2][-]{subsection.0.2.2}{\376\377\000P\000e\000r\000s\000o\000n\000a\000s}{section.0.2}% 5
\BOOKMARK [2][-]{subsection.0.2.3}{\376\377\000S\000c\000e\000n\000a\000r\000i\000\040\000d\000'\000u\000s\000o\000\040\000p\000r\000i\000n\000c\000i\000p\000a\000l\000i}{section.0.2}% 6
\BOOKMARK [2][-]{subsection.0.2.4}{\376\377\000C\000a\000s\000i\000\040\000d\000'\000u\000s\000o\000\040\000p\000r\000i\000n\000c\000i\000p\000a\000l\000i}{section.0.2}% 7
\BOOKMARK [2][-]{subsection.0.2.5}{\376\377\000R\000e\000q\000u\000i\000s\000i\000t\000i\000\040\000d\000i\000\040\000b\000u\000s\000i\000n\000e\000s\000s}{section.0.2}% 8
\BOOKMARK [2][-]{subsection.0.2.6}{\376\377\000R\000e\000q\000u\000i\000s\000i\000t\000i\000\040\000f\000u\000n\000z\000i\000o\000n\000a\000l\000i}{section.0.2}% 9
\BOOKMARK [2][-]{subsection.0.2.7}{\376\377\000R\000e\000q\000u\000i\000s\000i\000t\000i\000\040\000n\000o\000n\000\040\000f\000u\000n\000z\000i\000o\000n\000a\000l\000i}{section.0.2}% 10
\BOOKMARK [2][-]{subsection.0.2.8}{\376\377\000T\000r\000a\000c\000c\000i\000a\000b\000i\000l\000i\000t\000a\000'}{section.0.2}% 11
\BOOKMARK [1][-]{section.0.3}{\376\377\000D\000e\000s\000i\000g\000n}{}% 12
\BOOKMARK [2][-]{subsection.0.3.1}{\376\377\000O\000b\000i\000e\000t\000t\000i\000v\000i\000\040\000d\000i\000\040\000d\000e\000s\000i\000g\000n}{section.0.3}% 13
\BOOKMARK [2][-]{subsection.0.3.2}{\376\377\000V\000i\000s\000i\000o\000n\000e\000\040\000a\000r\000c\000h\000i\000t\000e\000t\000t\000u\000r\000a\000l\000e}{section.0.3}% 14
\BOOKMARK [2][-]{subsection.0.3.3}{\376\377\000S\000u\000d\000d\000i\000v\000i\000s\000i\000o\000n\000e\000\040\000i\000n\000\040\000m\000i\000c\000r\000o\000s\000e\000r\000v\000i\000z\000i}{section.0.3}% 15
\BOOKMARK [2][-]{subsection.0.3.4}{\376\377\000A\000P\000I\000\040\000G\000a\000t\000e\000w\000a\000y\000\040\000e\000\040\000c\000o\000m\000u\000n\000i\000c\000a\000z\000i\000o\000n\000e\000\040\000t\000r\000a\000\040\000c\000o\000m\000p\000o\000n\000e\000n\000t\000i}{section.0.3}% 16
\BOOKMARK [2][-]{subsection.0.3.5}{\376\377\000M\000o\000d\000e\000l\000l\000o\000\040\000d\000e\000l\000\040\000d\000o\000m\000i\000n\000i\000o}{section.0.3}% 17
\BOOKMARK [2][-]{subsection.0.3.6}{\376\377\000S\000i\000c\000u\000r\000e\000z\000z\000a\000\040\000e\000\040\000c\000o\000n\000t\000r\000o\000l\000l\000o\000\040\000a\000c\000c\000e\000s\000s\000i}{section.0.3}% 18
\BOOKMARK [2][-]{subsection.0.3.7}{\376\377\000D\000e\000s\000i\000g\000n\000\040\000P\000a\000t\000t\000e\000r\000n\000\040\000u\000t\000i\000l\000i\000z\000z\000a\000t\000i}{section.0.3}% 19
\BOOKMARK [2][-]{subsection.0.3.8}{\376\377\000O\000r\000g\000a\000n\000i\000z\000z\000a\000z\000i\000o\000n\000e\000\040\000d\000e\000l\000\040\000f\000r\000o\000n\000t\000e\000n\000d}{section.0.3}% 20
\BOOKMARK [2][-]{subsection.0.3.9}{\376\377\000M\000o\000c\000k\000u\000p\000\040\000e\000\040\000p\000r\000o\000t\000o\000t\000i\000p\000a\000z\000i\000o\000n\000e}{section.0.3}% 21
\BOOKMARK [2][-]{subsection.0.3.10}{\376\377\000D\000e\000s\000i\000g\000n\000\040\000d\000e\000l\000l\000e\000\040\000i\000n\000t\000e\000r\000f\000a\000c\000c\000e\000\040\000u\000t\000e\000n\000t\000e}{section.0.3}% 22
\BOOKMARK [2][-]{subsection.0.3.11}{\376\377\000C\000o\000n\000s\000i\000d\000e\000r\000a\000z\000i\000o\000n\000i\000\040\000f\000i\000n\000a\000l\000i\000\040\000d\000i\000\040\000p\000r\000o\000g\000e\000t\000t\000o}{section.0.3}% 23
\BOOKMARK [1][-]{section.0.4}{\376\377\000T\000e\000c\000n\000o\000l\000o\000g\000i\000e}{}% 24
\BOOKMARK [2][-]{subsection.0.4.1}{\376\377\000D\000o\000c\000k\000e\000r}{section.0.4}% 25
\BOOKMARK [2][-]{subsection.0.4.2}{\376\377\000W\000e\000b\000S\000o\000c\000k\000e\000t}{section.0.4}% 26
\BOOKMARK [2][-]{subsection.0.4.3}{\376\377\000R\000e\000d\000i\000s}{section.0.4}% 27
\BOOKMARK [1][-]{section.0.5}{\376\377\000C\000o\000d\000i\000c\000e}{}% 28
\BOOKMARK [2][-]{subsection.0.5.1}{\376\377\000B\000a\000c\000k\000e\000n\000d}{section.0.5}% 29
\BOOKMARK [2][-]{subsection.0.5.2}{\376\377\000F\000r\000o\000n\000t\000e\000n\000d}{section.0.5}% 30
\BOOKMARK [2][-]{subsection.0.5.3}{\376\377\000C\000o\000r\000e\000\040\000C\000A\000D\000:\000\040\000S\000t\000e\000p\000\040\0004\000\040\000e\000\040\000g\000u\000i\000d\000a\000\040\000a\000l\000l\000a\000\040\000s\000c\000e\000l\000t\000a\000\040\000d\000e\000l\000\040\000r\000i\000p\000i\000a\000n\000o\000\040\000s\000u\000c\000c\000e\000s\000s\000i\000v\000o}{section.0.5}% 31
\BOOKMARK [2][-]{subsection.0.5.4}{\376\377\000C\000o\000n\000s\000i\000d\000e\000r\000a\000z\000i\000o\000n\000i\000\040\000f\000i\000n\000a\000l\000i}{section.0.5}% 32
\BOOKMARK [1][-]{section.0.6}{\376\377\000D\000e\000p\000l\000o\000y\000m\000e\000n\000t}{}% 33
\BOOKMARK [2][-]{subsection.0.6.1}{\376\377\000S\000e\000r\000v\000i\000z\000i\000\040\000i\000n\000\040\000c\000o\000m\000p\000o\000s\000e}{section.0.6}% 34
\BOOKMARK [2][-]{subsection.0.6.2}{\376\377\000A\000v\000v\000i\000o\000\040\000l\000o\000c\000a\000l\000e}{section.0.6}% 35
\BOOKMARK [1][-]{section.0.7}{\376\377\000C\000o\000n\000c\000l\000u\000s\000i\000o\000n\000i}{}% 36
\BOOKMARK [2][-]{subsection.0.7.1}{\376\377\000L\000i\000m\000i\000t\000i\000\040\000a\000t\000t\000u\000a\000l\000i}{section.0.7}% 37
\BOOKMARK [2][-]{subsection.0.7.2}{\376\377\000S\000v\000i\000l\000u\000p\000p\000i\000\040\000f\000u\000t\000u\000r\000i}{section.0.7}% 38
